<configuration>

    <appender name="STDOUT" class="ch.qos.logback.core.ConsoleAppender">
        <encoder>
            <pattern>%-25(%d{HH:mm:ss.SSS} [%thread]) %-5level %logger{36}.%method: %msg%n</pattern>
        </encoder>
    </appender>

    <appender name="FILE" class="ch.qos.logback.core.rolling.RollingFileAppender">
        <!-- <file>${jetty.home}/logs/webportal.log</file> -->
        <rollingPolicy class="ch.qos.logback.core.rolling.TimeBasedRollingPolicy">
            <!-- daily rollover -->
            <fileNamePattern>logs/%d{yyyy-MM-dd}_debug_permit.log</fileNamePattern>

            <maxHistory>15</maxHistory>
        </rollingPolicy>

        <encoder>
            <pattern>%-25(%d{HH:mm:ss.SSS} [%thread]) %-5level %logger{36}.%method: %msg%n</pattern>
        </encoder>
    </appender>

    <root level="TRACE">
        <!--<appender-ref ref="STDOUT" />-->
        <appender-ref ref="FILE" />
    </root>

</configuration>